<?xml version="1.0" encoding="UTF-8"?>
<!-- Generated by org.testng.reporters.JUnitXMLReporter -->
<testsuite ignored="0" hostname="Dhruv" failures="0" tests="7" name="Default test" time="4.649" errors="0" timestamp="18 Jul 2023 04:27:28 GMT">
  <testcase classname="phase3project.EndToEndTest" name="TC01_GetAllEmployee" time="3.359"/>
  <testcase classname="phase3project.EndToEndTest" name="TC02_CreateEmployee" time="0.702"/>
  <testcase classname="phase3project.EndToEndTest" name="TC03_UpdateEmployee" time="0.256"/>
  <testcase classname="phase3project.EndToEndTest" name="TC04_GetEmployee" time="0.047"/>
  <testcase classname="phase3project.EndToEndTest" name="TC05_DeleteEmployee" time="0.18"/>
  <testcase classname="phase3project.EndToEndTest" name="TC06_GetEmployee" time="0.025"/>
  <testcase classname="phase3project.EndToEndTest" name="TC07_GetAllEmployee" time="0.039"/>
</testsuite> <!-- Default test -->
